{
  "RSpec": {
    "coverage": {
      "/Users/andela/Desktop/mic/checkpoints/bucketlist/do/config/environment.rb": [
        null,
        1,
        null,
        null,
        1
      ],
      "/Users/andela/Desktop/mic/checkpoints/bucketlist/do/config/application.rb": [
        1,
        null,
        1,
        null,
        null,
        null,
        1,
        null,
        1,
        1,
        null,
        null,
        null,
        null,
        null,
        null,
        null,
        null,
        null,
        null,
        null,
        null,
        null,
        1,
        1,
        null,
        null
      ],
      "/Users/andela/Desktop/mic/checkpoints/bucketlist/do/config/boot.rb": [
        1,
        null,
        1
      ],
      "/Users/andela/Desktop/mic/checkpoints/bucketlist/do/config/environments/test.rb": [
        1,
        null,
        null,
        null,
        null,
        null,
        null,
        1,
        null,
        null,
        null,
        null,
        1,
        null,
        null,
        1,
        1,
        null,
        null,
        1,
        1,
        null,
        null,
        1,
        null,
        null,
        1,
        null,
        null,
        null,
        null,
        1,
        null,
        null,
        1,
        null,
        null,
        1,
        null,
        null,
        null,
        null
      ],
      "/Users/andela/Desktop/mic/checkpoints/bucketlist/do/config/initializers/filter_parameter_logging.rb": [
        null,
        null,
        null,
        1
      ],
      "/Users/andela/Desktop/mic/checkpoints/bucketlist/do/config/initializers/secret_token.rb": [
        null,
        null,
        null,
        null,
        null,
        null,
        null,
        null,
        null,
        null,
        null,
        null,
        null,
        null,
        null,
        null,
        null,
        null,
        1
      ],
      "/Users/andela/Desktop/mic/checkpoints/bucketlist/do/config/initializers/wrap_parameters.rb": [
        null,
        null,
        null,
        null,
        null,
        null,
        null,
        null,
        null,
        null,
        null,
        null,
        null
      ],
      "/Users/andela/Desktop/mic/checkpoints/bucketlist/do/config/routes.rb": [
        1,
        1,
        1,
        1,
        null,
        1,
        1,
        1,
        1,
        1,
        null,
        null,
        null,
        null
      ],
      "/Users/andela/Desktop/mic/checkpoints/bucketlist/do/app/models/bucketlist.rb": [
        1,
        1,
        null,
        1,
        1,
        null,
        1,
        null,
        1,
        2,
        null,
        null
      ],
      "/Users/andela/Desktop/mic/checkpoints/bucketlist/do/app/models/concerns/paginate.rb": [
        1,
        1,
        null,
        2,
        null,
        null,
        1,
        4,
        4,
        4,
        null,
        null,
        1,
        2,
        2,
        null,
        null
      ],
      "/Users/andela/Desktop/mic/checkpoints/bucketlist/do/app/models/item.rb": [
        1,
        1,
        null,
        1,
        null,
        1,
        null,
        1,
        null,
        1,
        null,
        1,
        12,
        null,
        null
      ],
      "/Users/andela/Desktop/mic/checkpoints/bucketlist/do/app/models/user.rb": [
        1,
        1,
        1,
        null,
        1,
        1,
        1,
        null,
        1,
        null,
        1,
        null,
        1,
        45,
        null,
        null
      ],
      "/Users/andela/Desktop/mic/checkpoints/bucketlist/do/app/controllers/authentication_controller.rb": [
        1,
        1,
        null,
        1,
        3,
        2,
        null,
        null,
        null,
        2,
        2,
        null,
        null,
        1,
        2,
        2,
        null,
        null,
        null,
        1,
        null,
        1,
        13,
        null,
        null,
        1,
        7,
        7,
        null,
        null,
        1,
        1,
        null,
        null
      ],
      "/Users/andela/Desktop/mic/checkpoints/bucketlist/do/app/controllers/application_controller.rb": [
        1,
        1,
        null,
        1,
        null,
        1,
        null,
        1,
        67,
        55,
        null,
        null,
        1,
        12,
        null,
        null,
        1,
        122,
        111,
        111,
        111,
        111,
        null,
        null
      ],
      "/Users/andela/Desktop/mic/checkpoints/bucketlist/do/app/controllers/concerns/messages.rb": [
        1,
        1,
        1,
        3,
        null,
        null,
        1,
        3,
        null,
        null,
        1,
        3,
        null,
        null,
        1,
        1,
        null,
        null,
        1,
        12,
        null,
        null,
        1,
        2,
        null,
        null,
        1,
        1,
        null,
        null,
        null
      ],
      "/Users/andela/Desktop/mic/checkpoints/bucketlist/do/lib/json_web_token.rb": [
        1,
        1,
        58,
        58,
        null,
        null,
        1,
        116,
        115,
        null,
        1,
        null,
        null
      ],
      "/Users/andela/Desktop/mic/checkpoints/bucketlist/do/app/controllers/api/v1/bucketlists_controller.rb": [
        1,
        1,
        1,
        1,
        1,
        null,
        1,
        26,
        26,
        26,
        25,
        null,
        1,
        null,
        null,
        null,
        1,
        1,
        null,
        null,
        null,
        1,
        2,
        null,
        null,
        1,
        2,
        1,
        null,
        1,
        null,
        null,
        null,
        1,
        1,
        1,
        null,
        null,
        1,
        null,
        1,
        6,
        null,
        null,
        1,
        5,
        5,
        null,
        null,
        1,
        28,
        null,
        null,
        null,
        null
      ],
      "/Users/andela/Desktop/mic/checkpoints/bucketlist/do/app/serializers/bucketlist_serializer.rb": [
        1,
        1,
        null,
        1,
        1,
        null
      ],
      "/Users/andela/Desktop/mic/checkpoints/bucketlist/do/app/controllers/concerns/serializer_helper.rb": [
        1,
        1,
        43,
        null,
        null,
        1,
        45,
        null,
        null,
        1,
        28,
        null,
        null,
        1,
        2,
        null,
        null,
        null
      ],
      "/Users/andela/Desktop/mic/checkpoints/bucketlist/do/app/controllers/api/v1/items_controller.rb": [
        1,
        1,
        1,
        1,
        1,
        null,
        1,
        13,
        13,
        13,
        12,
        null,
        1,
        null,
        null,
        null,
        1,
        1,
        1,
        null,
        null,
        1,
        1,
        null,
        null,
        1,
        2,
        1,
        null,
        1,
        null,
        null,
        null,
        1,
        1,
        1,
        null,
        null,
        1,
        null,
        1,
        15,
        null,
        null,
        1,
        18,
        null,
        18,
        null,
        null,
        1,
        4,
        4,
        null,
        null,
        1,
        13,
        null,
        null,
        null,
        null
      ],
      "/Users/andela/Desktop/mic/checkpoints/bucketlist/do/app/serializers/item_serializer.rb": [
        1,
        1,
        null,
        1,
        null
      ],
      "/Users/andela/Desktop/mic/checkpoints/bucketlist/do/app/controllers/users_controller.rb": [
        1,
        1,
        1,
        null,
        1,
        2,
        2,
        1,
        null,
        1,
        null,
        null,
        null,
        1,
        2,
        1,
        null,
        1,
        null,
        null,
        null,
        1,
        1,
        null,
        null,
        1,
        null,
        1,
        3,
        null,
        null,
        1,
        4,
        null,
        null
      ],
      "/Users/andela/Desktop/mic/checkpoints/bucketlist/do/app/serializers/user_serializer.rb": [
        1,
        1,
        null,
        1,
        null
      ]
    },
    "timestamp": 1478276043
  }
}
