{
  "RSpec": {
    "coverage": {
      "/Users/andela/Desktop/mic/checkpoints/bucketlist/do/config/environment.rb": [
        null,
        1,
        null,
        null,
        1
      ],
      "/Users/andela/Desktop/mic/checkpoints/bucketlist/do/config/application.rb": [
        1,
        null,
        1,
        null,
        null,
        null,
        1,
        null,
        1,
        1,
        null,
        null,
        null,
        null,
        null,
        null,
        null,
        null,
        null,
        null,
        null,
        null,
        null,
        1,
        1,
        null,
        null
      ],
      "/Users/andela/Desktop/mic/checkpoints/bucketlist/do/config/boot.rb": [
        1,
        null,
        1
      ],
      "/Users/andela/Desktop/mic/checkpoints/bucketlist/do/config/environments/test.rb": [
        1,
        null,
        null,
        null,
        null,
        null,
        null,
        1,
        null,
        null,
        null,
        null,
        1,
        null,
        null,
        1,
        1,
        null,
        null,
        1,
        1,
        null,
        null,
        1,
        null,
        null,
        1,
        null,
        null,
        null,
        null,
        1,
        null,
        null,
        1,
        null,
        null,
        1,
        null,
        null,
        null,
        null
      ],
      "/Users/andela/Desktop/mic/checkpoints/bucketlist/do/config/initializers/filter_parameter_logging.rb": [
        null,
        null,
        null,
        1
      ],
      "/Users/andela/Desktop/mic/checkpoints/bucketlist/do/config/initializers/secret_token.rb": [
        null,
        null,
        null,
        null,
        null,
        null,
        null,
        null,
        null,
        null,
        null,
        null,
        null,
        null,
        null,
        null,
        null,
        null,
        1
      ],
      "/Users/andela/Desktop/mic/checkpoints/bucketlist/do/config/initializers/wrap_parameters.rb": [
        null,
        null,
        null,
        null,
        null,
        null,
        null,
        null,
        null,
        null,
        null,
        null,
        null
      ],
      "/Users/andela/Desktop/mic/checkpoints/bucketlist/do/config/routes.rb": [
        1,
        1,
        1,
        1,
        null,
        1,
        1,
        1,
        1,
        1,
        null,
        null,
        null,
        null
      ],
      "/Users/andela/Desktop/mic/checkpoints/bucketlist/do/app/models/bucketlist.rb": [
        1,
        1,
        null,
        1,
        1,
        null,
        1,
        null,
        1,
        6,
        null,
        null
      ],
      "/Users/andela/Desktop/mic/checkpoints/bucketlist/do/app/models/concerns/paginate.rb": [
        1,
        1,
        null,
        9,
        null,
        null,
        1,
        18,
        18,
        18,
        null,
        null,
        1,
        9,
        9,
        null,
        null
      ],
      "/Users/andela/Desktop/mic/checkpoints/bucketlist/do/app/models/item.rb": [
        1,
        1,
        null,
        1,
        null,
        1,
        null,
        1,
        null,
        1,
        null,
        1,
        415,
        null,
        null
      ],
      "/Users/andela/Desktop/mic/checkpoints/bucketlist/do/app/models/user.rb": [
        1,
        1,
        1,
        null,
        1,
        1,
        1,
        null,
        1,
        null,
        1,
        null,
        1,
        52,
        null,
        null
      ],
      "/Users/andela/Desktop/mic/checkpoints/bucketlist/do/app/controllers/authentication_controller.rb": [
        1,
        1,
        null,
        1,
        3,
        2,
        null,
        null,
        null,
        2,
        2,
        null,
        null,
        1,
        2,
        2,
        null,
        null,
        null,
        1,
        null,
        1,
        13,
        null,
        null,
        1,
        7,
        7,
        null,
        null,
        1,
        1,
        null,
        null
      ],
      "/Users/andela/Desktop/mic/checkpoints/bucketlist/do/app/controllers/application_controller.rb": [
        1,
        1,
        null,
        1,
        null,
        1,
        null,
        1,
        979,
        967,
        null,
        null,
        1,
        12,
        null,
        null,
        1,
        1946,
        1935,
        1935,
        1935,
        1935,
        null,
        null
      ],
      "/Users/andela/Desktop/mic/checkpoints/bucketlist/do/app/controllers/concerns/messages.rb": [
        1,
        1,
        1,
        3,
        null,
        null,
        1,
        3,
        null,
        null,
        1,
        3,
        null,
        null,
        1,
        1,
        null,
        null,
        1,
        12,
        null,
        null,
        1,
        2,
        null,
        null,
        1,
        1,
        null,
        null,
        1,
        1,
        null,
        null,
        1,
        3,
        null,
        null,
        1,
        3,
        null,
        null,
        null
      ],
      "/Users/andela/Desktop/mic/checkpoints/bucketlist/do/lib/json_web_token.rb": [
        1,
        1,
        970,
        970,
        null,
        null,
        1,
        1940,
        1939,
        null,
        1,
        null,
        null
      ],
      "/Users/andela/Desktop/mic/checkpoints/bucketlist/do/app/controllers/api/v1/bucketlists_controller.rb": [
        1,
        1,
        1,
        1,
        1,
        null,
        1,
        528,
        528,
        528,
        527,
        null,
        null,
        1,
        5,
        null,
        null,
        null,
        1,
        1,
        null,
        null,
        1,
        2,
        1,
        null,
        null,
        1,
        1,
        null,
        null,
        1,
        null,
        1,
        10,
        null,
        null,
        1,
        5,
        5,
        null,
        null,
        1,
        530,
        null,
        null,
        null,
        null
      ],
      "/Users/andela/Desktop/mic/checkpoints/bucketlist/do/app/serializers/bucketlist_serializer.rb": [
        1,
        1,
        null,
        1,
        1,
        null
      ],
      "/Users/andela/Desktop/mic/checkpoints/bucketlist/do/app/controllers/concerns/serializer_helper.rb": [
        1,
        1,
        1239,
        null,
        null,
        1,
        1241,
        null,
        null,
        1,
        677,
        null,
        null,
        1,
        2,
        null,
        null,
        null
      ],
      "/Users/andela/Desktop/mic/checkpoints/bucketlist/do/app/controllers/api/v1/items_controller.rb": [
        1,
        1,
        1,
        1,
        1,
        null,
        1,
        416,
        416,
        416,
        415,
        null,
        null,
        1,
        4,
        null,
        null,
        1,
        1,
        null,
        null,
        1,
        2,
        1,
        null,
        null,
        1,
        1,
        null,
        null,
        1,
        null,
        1,
        418,
        null,
        null,
        1,
        424,
        null,
        424,
        424,
        null,
        null,
        1,
        4,
        4,
        null,
        null,
        1,
        416,
        null,
        null,
        null,
        null
      ],
      "/Users/andela/Desktop/mic/checkpoints/bucketlist/do/app/serializers/item_serializer.rb": [
        1,
        1,
        null,
        1,
        null
      ],
      "/Users/andela/Desktop/mic/checkpoints/bucketlist/do/app/controllers/users_controller.rb": [
        1,
        1,
        1,
        null,
        1,
        2,
        2,
        1,
        null,
        null,
        1,
        2,
        1,
        null,
        null,
        1,
        1,
        null,
        null,
        1,
        null,
        1,
        3,
        null,
        null,
        1,
        4,
        null,
        null
      ],
      "/Users/andela/Desktop/mic/checkpoints/bucketlist/do/app/serializers/user_serializer.rb": [
        1,
        1,
        null,
        1,
        null
      ]
    },
    "timestamp": 1478378729
  }
}
